<?xml version="1.0" encoding="UTF-8"?>
<!-- Generated by org.testng.reporters.JUnitXMLReporter -->
<testsuite ignored="0" hostname="LP-5CG0386QL7" failures="0" tests="3" name="Default test" time="43.136" errors="0" timestamp="23 Jun 2022 05:39:43 GMT">
  <testcase classname="DDT.FlipkartDDT" name="verifiy" time="0.373"/>
  <testcase classname="DDT.FlipkartDDT" name="verifiy" time="1.787"/>
  <testcase classname="DDT.FlipkartDDT" name="verifiy" time="1.286"/>
</testsuite> <!-- Default test -->
