<?xml version="1.0" encoding="UTF-8"?>
<testng-results ignored="0" total="2" passed="2" failed="0" skipped="0">
  <reporter-output>
  </reporter-output>
  <suite started-at="2022-06-23T05:46:55Z" name="Suite" finished-at="2022-06-23T05:47:56Z" duration-ms="61394">
    <groups>
    </groups>
    <test started-at="2022-06-23T05:46:55Z" name="Test" finished-at="2022-06-23T05:47:39Z" duration-ms="44944">
      <class name="CrossBrowser.FlipkartCB">
        <test-method signature="test1(java.lang.String)[pri:0, instance:CrossBrowser.FlipkartCB@ae13544]" started-at="2022-06-23T11:16:55Z" name="test1" finished-at="2022-06-23T11:17:39Z" duration-ms="44918" status="PASS">
          <params>
            <param index="0">
              <value>
                <![CDATA[Chrome]]>
              </value>
            </param>
          </params>
          <reporter-output>
          </reporter-output>
        </test-method> <!-- test1 -->
      </class> <!-- CrossBrowser.FlipkartCB -->
    </test> <!-- Test -->
    <test started-at="2022-06-23T05:46:55Z" name="Test1" finished-at="2022-06-23T05:47:56Z" duration-ms="61394">
      <class name="CrossBrowser.FlipkartCB">
        <test-method signature="test1(java.lang.String)[pri:0, instance:CrossBrowser.FlipkartCB@4c39bec8]" started-at="2022-06-23T11:16:55Z" name="test1" finished-at="2022-06-23T11:17:56Z" duration-ms="61369" status="PASS">
          <params>
            <param index="0">
              <value>
                <![CDATA[Edge]]>
              </value>
            </param>
          </params>
          <reporter-output>
          </reporter-output>
        </test-method> <!-- test1 -->
      </class> <!-- CrossBrowser.FlipkartCB -->
    </test> <!-- Test1 -->
  </suite> <!-- Suite -->
</testng-results>
